/opt/homebrew/anaconda3/lib/python3.12/site-packages/pydantic/_internal/_config.py:341: UserWarning: Valid config keys have changed in V2:
* 'schema_extra' has been renamed to 'json_schema_extra'
  warnings.warn(message, UserWarning)
2025-08-06 13:14:47,778 - __main__ - INFO - Starting ROLEX 0.0.1 on 0.0.0.0:8000
2025-08-06 13:14:47,778 - __main__ - INFO - Workers: 1
INFO:     Started server process [54593]
INFO:     Waiting for application startup.
2025-08-06 13:14:47,789 - __main__ - INFO - Starting ROLEX 0.0.1...
2025-08-06 13:14:47,789 - job_manager - INFO - Gurobi MPS solver initialized
2025-08-06 13:14:47,789 - job_manager - INFO - cuOpt MPS solver initialized
2025-08-06 13:14:47,789 - job_manager - INFO - pyCuOpt MPS solver initialized
2025-08-06 13:14:47,789 - job_manager - INFO - OR-Tools GLOP solver initialized
2025-08-06 13:14:47,789 - job_manager - INFO - OR-Tools CBC solver initialized
2025-08-06 13:14:47,789 - job_manager - INFO - OR-Tools CLP solver initialized
2025-08-06 13:14:47,789 - job_manager - INFO - OR-Tools SCIP solver initialized
2025-08-06 13:14:47,789 - job_manager - INFO - SciPy LP solver initialized
2025-08-06 13:14:47,789 - job_manager - INFO - JobManager initialized with 1 workers
2025-08-06 13:14:47,789 - job_manager - INFO - Available MPS solvers: ['gurobi', 'cuopt', 'pycuopt', 'ortools-glop', 'ortools-cbc', 'ortools-clp', 'ortools-scip', 'scipy-lp']
2025-08-06 13:14:47,789 - __main__ - INFO - ROLEX 0.0.1 started successfully
INFO:     Application startup complete.
INFO:     Uvicorn running on http://0.0.0.0:8000 (Press CTRL+C to quit)
2025-08-06 13:14:54,898 - solvers.cuopt_mps_solver - WARNING - cuOpt CLI command 'cuopt_cli' not found in PATH
2025-08-06 13:14:54,898 - solvers.ortools_mps_solver - WARNING - OR-Tools-GLOP solver not available: ortools not installed
2025-08-06 13:14:54,898 - solvers.ortools_mps_solver - WARNING - OR-Tools-CBC solver not available: ortools not installed
2025-08-06 13:14:54,898 - solvers.ortools_mps_solver - WARNING - OR-Tools-CLP solver not available: ortools not installed
2025-08-06 13:14:54,898 - solvers.ortools_mps_solver - WARNING - OR-Tools-SCIP solver not available: ortools not installed
INFO:     127.0.0.1:60312 - "GET /solvers/mps HTTP/1.1" 200 OK
INFO:     127.0.0.1:60317 - "GET /health HTTP/1.1" 200 OK
2025-08-06 13:15:00,658 - __main__ - INFO - Received gzipped file. Decompressing using gunzip CLI...
2025-08-06 13:15:00,659 - __main__ - INFO - Received gzipped file size: 0.00 MB
2025-08-06 13:15:00,683 - __main__ - INFO - Decompression complete. Decompressed to 0.00 MB.
2025-08-06 13:15:00,683 - __main__ - INFO - Received MPS file: example.mps.gz (395 bytes)
2025-08-06 13:15:00,683 - __main__ - INFO - Solver: scipy-lp, Parameters: {'max_time': 300, 'verbose': True}
2025-08-06 13:15:00,684 - job_manager - INFO - Executing MPS job ea1c0e3d-6d0d-4870-a602-13b280b062eb with scipy-lp solver
2025-08-06 13:15:00,684 - job_manager - INFO - Submitted MPS job ea1c0e3d-6d0d-4870-a602-13b280b062eb with scipy-lp solver
=== DEBUG: submit_mps_job called with solver scipy-lp ===
=== DEBUG: Solver scipy-lp is available ===
=== DEBUG: Generated job ID: ea1c0e3d-6d0d-4870-a602-13b280b062eb ===
=== DEBUG: Created job object ===
=== DEBUG: Stored job in manager ===
=== DEBUG: _execute_mps_job called for job ea1c0e3d-6d0d-4870-a602-13b280b062eb ===
=== DEBUG: Job ea1c0e3d-6d0d-4870-a602-13b280b062eb status set to RUNNING ===
=== DEBUG: Submitted job to executor ===
=== DEBUG: Got solver instance: SciPy LP MPS Solver (available: True) ===
=== DEBUG: Calling solve_with_timing ===
DEBUG: SciPy LP solve_with_timing called
INFO:     127.0.0.1:60317 - "POST /jobs/submit-mps?solver=scipy-lp&parameters=%7B%22max_time%22%3A+300%2C+%22verbose%22%3A+true%7D&filename=example.mps.gz HTTP/1.1" 200 OK
2025-08-06 13:15:00,684 - solvers.scipy_mps_solver - INFO - SciPy solver solving MPS file: /var/folders/j4/b5sw88wx32v19tr1cfp5ww440000gn/T/tmp8vivsb_q.mps
INFO:     127.0.0.1:60317 - "GET /jobs/ea1c0e3d-6d0d-4870-a602-13b280b062eb/mps HTTP/1.1" 200 OK
2025-08-06 13:15:00,687 - solvers.scipy_mps_solver - INFO - SciPy: Solving with 2 variables, 3 constraints
Running HiGHS 1.2.0 [date: 2021-07-09, git hash: n/a]
Copyright (c) 2022 ERGO-Code under MIT licence terms
Presolving model
0 rows, 0 cols, 0 nonzeros
0 rows, 0 cols, 0 nonzeros
Presolve : Reductions: rows 0(-3); columns 0(-2); elements 0(-4) - Reduced to empty
Solving the original LP from the solution after postsolve
Model   status      : Optimal
Objective value     :  0.0000000000e+00
HiGHS run time      :          0.00
2025-08-06 13:15:00,688 - solvers.scipy_mps_solver - INFO - SciPy: Solved in 0.0011s with status OPTIMAL
2025-08-06 13:15:00,688 - job_manager - INFO - Job ea1c0e3d-6d0d-4870-a602-13b280b062eb completed with status: optimal
DEBUG: SciPy LP solve completed - status: optimal
=== DEBUG: solve_with_timing completed with status: optimal ===
=== DEBUG: Job ea1c0e3d-6d0d-4870-a602-13b280b062eb completed successfully ===
=== DEBUG: Cleaned up temp file: /var/folders/j4/b5sw88wx32v19tr1cfp5ww440000gn/T/tmp8vivsb_q.mps ===
INFO:     127.0.0.1:60329 - "GET /jobs/ea1c0e3d-6d0d-4870-a602-13b280b062eb/mps HTTP/1.1" 200 OK
INFO:     127.0.0.1:60347 - "GET /health HTTP/1.1" 200 OK
2025-08-06 13:15:49,108 - __main__ - INFO - Received gzipped file. Decompressing using gunzip CLI...
2025-08-06 13:15:49,110 - __main__ - INFO - Received gzipped file size: 0.00 MB
2025-08-06 13:15:49,146 - __main__ - INFO - Decompression complete. Decompressed to 0.00 MB.
2025-08-06 13:15:49,147 - __main__ - INFO - Received MPS file: example.mps.gz (395 bytes)
2025-08-06 13:15:49,147 - __main__ - INFO - Solver: scipy-lp, Parameters: {'max_time': 300, 'verbose': True}
2025-08-06 13:15:49,148 - job_manager - INFO - Submitted MPS job 61883695-6d99-4cd9-9c4c-f6063bb77c84 with scipy-lp solver
=== DEBUG: submit_mps_job called with solver scipy-lp ===
=== DEBUG: Solver scipy-lp is available ===
=== DEBUG: Generated job ID: 61883695-6d99-4cd9-9c4c-f6063bb77c84 ===
=== DEBUG: Created job object ===
=== DEBUG: Stored job in manager ===
=== DEBUG: Submitted job to executor ===
=== DEBUG: _execute_mps_job called for job 61883695-6d99-4cd9-9c4c-f6063bb77c84 ===
=== DEBUG: Job 61883695-6d99-4cd9-9c4c-f6063bb77c84 status set to RUNNING ===
INFO:     127.0.0.1:60347 - "POST /jobs/submit-mps?solver=scipy-lp&parameters=%7B%22max_time%22%3A+300%2C+%22verbose%22%3A+true%7D&filename=example.mps.gz HTTP/1.1" 200 OK
2025-08-06 13:15:49,148 - job_manager - INFO - Executing MPS job 61883695-6d99-4cd9-9c4c-f6063bb77c84 with scipy-lp solver
2025-08-06 13:15:49,149 - solvers.scipy_mps_solver - INFO - SciPy solver solving MPS file: /var/folders/j4/b5sw88wx32v19tr1cfp5ww440000gn/T/tmpl7pscxsa.mps
2025-08-06 13:15:49,150 - solvers.scipy_mps_solver - INFO - SciPy: Solving with 2 variables, 3 constraints
Running HiGHS 1.2.0 [date: 2021-07-09, git hash: n/a]
Copyright (c) 2022 ERGO-Code under MIT licence terms
Presolving model
0 rows, 0 cols, 0 nonzeros
0 rows, 0 cols, 0 nonzeros
Presolve : Reductions: rows 0(-3); columns 0(-2); elements 0(-4) - Reduced to empty
Solving the original LP from the solution after postsolve
Model   status      : Optimal
Objective value     :  0.0000000000e+00
HiGHS run time      :          0.00
2025-08-06 13:15:49,151 - solvers.scipy_mps_solver - INFO - SciPy: Solved in 0.0010s with status OPTIMAL
=== DEBUG: Got solver instance: SciPy LP MPS Solver (available: True) ===
=== DEBUG: Calling solve_with_timing ===
DEBUG: SciPy LP solve_with_timing called
INFO:     127.0.0.1:60347 - "GET /jobs/61883695-6d99-4cd9-9c4c-f6063bb77c84/mps HTTP/1.1" 200 OK
2025-08-06 13:15:49,152 - job_manager - INFO - Job 61883695-6d99-4cd9-9c4c-f6063bb77c84 completed with status: optimal
DEBUG: SciPy LP solve completed - status: optimal
=== DEBUG: solve_with_timing completed with status: optimal ===
=== DEBUG: Job 61883695-6d99-4cd9-9c4c-f6063bb77c84 completed successfully ===
=== DEBUG: Cleaned up temp file: /var/folders/j4/b5sw88wx32v19tr1cfp5ww440000gn/T/tmpl7pscxsa.mps ===
INFO:     127.0.0.1:60352 - "GET /jobs/61883695-6d99-4cd9-9c4c-f6063bb77c84/mps HTTP/1.1" 200 OK
INFO:     Shutting down
INFO:     Waiting for application shutdown.
2025-08-06 13:16:10,089 - __main__ - INFO - ROLEX 0.0.1 shutting down...
2025-08-06 13:16:10,089 - job_manager - INFO - Shutting down JobManager...
2025-08-06 13:16:10,089 - job_manager - INFO - JobManager shutdown complete
2025-08-06 13:16:10,089 - __main__ - INFO - ROLEX 0.0.1 shutdown complete
INFO:     Application shutdown complete.
INFO:     Finished server process [54593]
